0 info it worked if it ends with ok
1 verbose cli [ '/usr/local/node/bin/node',
1 verbose cli   '/usr/local/node/bin/npm',
1 verbose cli   'install' ]
2 info using npm@1.4.28
3 info using node@v0.10.32
4 verbose readDependencies using package.json deps
5 verbose install where, deps [ '/Users/joy/Code/VIchan',
5 verbose install   [ 'async',
5 verbose install     'bcrypt',
5 verbose install     'bower',
5 verbose install     'cheerio',
5 verbose install     'good',
5 verbose install     'good-console',
5 verbose install     'hapi',
5 verbose install     'hapi-auth-cookie',
5 verbose install     'joi',
5 verbose install     'lout',
5 verbose install     'mongoose',
5 verbose install     'request',
5 verbose install     'underscore',
5 verbose install     'grunt',
5 verbose install     'grunt-cli',
5 verbose install     'grunt-contrib-clean',
5 verbose install     'grunt-contrib-copy',
5 verbose install     'grunt-contrib-jade',
5 verbose install     'grunt-contrib-jshint',
5 verbose install     'grunt-contrib-less',
5 verbose install     'grunt-contrib-watch',
5 verbose install     'grunt-jscs',
5 verbose install     'grunt-shell',
5 verbose install     'jshint-stylish' ] ]
6 info preinstall VIchan@0.0.0
7 verbose readDependencies using package.json deps
8 verbose already installed skipping bower@^1.3.12 /Users/joy/Code/VIchan
9 verbose already installed skipping cheerio@^0.18.0 /Users/joy/Code/VIchan
10 verbose already installed skipping good@^4.0.0 /Users/joy/Code/VIchan
11 verbose already installed skipping good-console@^2.0.1 /Users/joy/Code/VIchan
12 verbose already installed skipping hapi@^7.5.2 /Users/joy/Code/VIchan
13 verbose already installed skipping hapi-auth-cookie@^1.4.0 /Users/joy/Code/VIchan
14 verbose already installed skipping joi@^4.9.0 /Users/joy/Code/VIchan
15 verbose already installed skipping lout@^5.1.2 /Users/joy/Code/VIchan
16 verbose already installed skipping mongoose@^3.8.19 /Users/joy/Code/VIchan
17 verbose already installed skipping request@^2.48.0 /Users/joy/Code/VIchan
18 verbose already installed skipping underscore@^1.7.0 /Users/joy/Code/VIchan
19 verbose already installed skipping grunt@^0.4.5 /Users/joy/Code/VIchan
20 verbose already installed skipping grunt-cli@^0.1.13 /Users/joy/Code/VIchan
21 verbose already installed skipping grunt-contrib-clean@^0.6.0 /Users/joy/Code/VIchan
22 verbose already installed skipping grunt-contrib-copy@^0.7.0 /Users/joy/Code/VIchan
23 verbose already installed skipping grunt-contrib-jade@^0.13.0 /Users/joy/Code/VIchan
24 verbose already installed skipping grunt-contrib-jshint@^0.10.0 /Users/joy/Code/VIchan
25 verbose already installed skipping grunt-contrib-less@^0.12.0 /Users/joy/Code/VIchan
26 verbose already installed skipping grunt-contrib-watch@^0.6.1 /Users/joy/Code/VIchan
27 verbose already installed skipping grunt-jscs@^0.8.1 /Users/joy/Code/VIchan
28 verbose already installed skipping grunt-shell@^1.1.1 /Users/joy/Code/VIchan
29 verbose already installed skipping jshint-stylish@^1.0.0 /Users/joy/Code/VIchan
30 verbose already installed skipping async@^0.9.0 /Users/joy/Code/VIchan
31 verbose already installed skipping bcrypt@^0.8.0 /Users/joy/Code/VIchan
32 silly resolved []
33 info build /Users/joy/Code/VIchan
34 verbose linkStuff [ false, false, false, '/Users/joy/Code' ]
35 info linkStuff VIchan@0.0.0
36 verbose linkBins VIchan@0.0.0
37 verbose linkMans VIchan@0.0.0
38 verbose rebuildBundles VIchan@0.0.0
39 verbose rebuildBundles [ '.bin',
39 verbose rebuildBundles   'async',
39 verbose rebuildBundles   'bcrypt',
39 verbose rebuildBundles   'bower',
39 verbose rebuildBundles   'cheerio',
39 verbose rebuildBundles   'good',
39 verbose rebuildBundles   'good-console',
39 verbose rebuildBundles   'grunt',
39 verbose rebuildBundles   'grunt-cli',
39 verbose rebuildBundles   'grunt-contrib-clean',
39 verbose rebuildBundles   'grunt-contrib-copy',
39 verbose rebuildBundles   'grunt-contrib-jade',
39 verbose rebuildBundles   'grunt-contrib-jshint',
39 verbose rebuildBundles   'grunt-contrib-less',
39 verbose rebuildBundles   'grunt-contrib-watch',
39 verbose rebuildBundles   'grunt-jscs',
39 verbose rebuildBundles   'grunt-shell',
39 verbose rebuildBundles   'hapi',
39 verbose rebuildBundles   'hapi-auth-cookie',
39 verbose rebuildBundles   'joi',
39 verbose rebuildBundles   'jshint-stylish',
39 verbose rebuildBundles   'lout',
39 verbose rebuildBundles   'mongoose',
39 verbose rebuildBundles   'nugget',
39 verbose rebuildBundles   'request',
39 verbose rebuildBundles   'underscore',
39 verbose rebuildBundles   'wgetjs' ]
40 verbose rebuild bundle /Users/joy/Code/VIchan/node_modules/nugget
41 info build /Users/joy/Code/VIchan/node_modules/nugget
42 info preinstall nugget@1.3.0
43 verbose linkStuff [ false, false, false, '/Users/joy/Code/VIchan/node_modules' ]
44 info linkStuff nugget@1.3.0
45 verbose linkBins nugget@1.3.0
46 verbose link bins [ { nugget: 'bin.js' },
46 verbose link bins   '/Users/joy/Code/VIchan/node_modules/.bin',
46 verbose link bins   false ]
47 verbose linkMans nugget@1.3.0
48 verbose rebuildBundles nugget@1.3.0
49 verbose rebuildBundles [ 'minimist', 'progress-stream', 'single-line-log' ]
50 info install nugget@1.3.0
51 info postinstall nugget@1.3.0
52 verbose rebuild bundle /Users/joy/Code/VIchan/node_modules/wgetjs
53 info build /Users/joy/Code/VIchan/node_modules/wgetjs
54 info preinstall wgetjs@0.3.3
55 verbose linkStuff [ false, false, false, '/Users/joy/Code/VIchan/node_modules' ]
56 info linkStuff wgetjs@0.3.3
57 verbose linkBins wgetjs@0.3.3
58 verbose linkMans wgetjs@0.3.3
59 verbose rebuildBundles wgetjs@0.3.3
60 verbose rebuildBundles [ 'request' ]
61 info install wgetjs@0.3.3
62 info postinstall wgetjs@0.3.3
63 info install VIchan@0.0.0
64 info postinstall VIchan@0.0.0
65 verbose unsafe-perm in lifecycle true
66 info VIchan@0.0.0 Failed to exec postinstall script
67 error VIchan@0.0.0 postinstall: `grunt deploy`
67 error Exit status 6
68 error Failed at the VIchan@0.0.0 postinstall script.
68 error This is most likely a problem with the VIchan package,
68 error not with npm itself.
68 error Tell the author that this fails on your system:
68 error     grunt deploy
68 error You can get their info via:
68 error     npm owner ls VIchan
68 error There is likely additional logging output above.
69 error System Darwin 13.4.0
70 error command "/usr/local/node/bin/node" "/usr/local/node/bin/npm" "install"
71 error cwd /Users/joy/Code/VIchan
72 error node -v v0.10.32
73 error npm -v 1.4.28
74 error code ELIFECYCLE
75 verbose exit [ 1, true ]
